<?xml version="1.0" encoding="UTF-8"?>
<!-- Generated by org.testng.reporters.JUnitReportReporter -->
<testsuite hostname="DESKTOP-O037IOL" failures="0" tests="1" name="Lecture18.Wait_Types_Selenium" time="17.167" errors="0" timestamp="20 Nov 2023 19:16:40 GMT" skipped="0">
  <testcase classname="Lecture18.Wait_Types_Selenium" name="differentWaitTypes" time="17.167"/>
</testsuite> <!-- Lecture18.Wait_Types_Selenium -->
