<?xml version="1.0" encoding="UTF-8"?>
<!-- Generated by org.testng.reporters.JUnitReportReporter -->
<testsuite hostname="DESKTOP-O037IOL" failures="0" tests="2" name="com.parametrization.Rediff_Parametrization" time="39.535" errors="0" timestamp="22 Nov 2023 21:28:00 GMT" skipped="0">
  <testcase classname="com.parametrization.Rediff_Parametrization" name="rediffLogin" time="16.603"/>
  <testcase classname="com.parametrization.Rediff_Parametrization" name="rediffLogout" time="22.932"/>
</testsuite> <!-- com.parametrization.Rediff_Parametrization -->
