<?xml version="1.0" encoding="UTF-8"?>
<!-- Generated by org.testng.reporters.JUnitReportReporter -->
<testsuite hostname="DESKTOP-O037IOL" failures="0" tests="2" name="com.parametrization.Rediff_Parametrization" time="32.332" errors="0" timestamp="22 Nov 2023 21:05:15 GMT" skipped="0">
  <testcase classname="com.parametrization.Rediff_Parametrization" name="rediffLogin" time="15.172"/>
  <testcase classname="com.parametrization.Rediff_Parametrization" name="rediffLogout" time="17.160"/>
</testsuite> <!-- com.parametrization.Rediff_Parametrization -->
