<?xml version="1.0" encoding="UTF-8"?>
<!-- Generated by org.testng.reporters.JUnitReportReporter -->
<testsuite hostname="DESKTOP-O037IOL" failures="0" tests="2" name="com.Lecture12.Login_Error_Message_Validate" time="2.966" errors="0" timestamp="2023-11-16T08:45:48 PST" skipped="0">
  <testcase classname="com.Lecture12.Login_Error_Message_Validate" name="clickLogin" time="1.318"/>
  <testcase classname="com.Lecture12.Login_Error_Message_Validate" name="clickOnContinue" time="1.648"/>
</testsuite> <!-- com.Lecture12.Login_Error_Message_Validate -->
