<?xml version="1.0" encoding="UTF-8"?>
<!-- Generated by org.testng.reporters.JUnitReportReporter -->
<testsuite hostname="DESKTOP-O037IOL" failures="0" tests="1" name="Lecture18.Date_Pick_MMT" time="9.568" errors="0" timestamp="20 Nov 2023 21:46:23 GMT" skipped="0">
  <testcase classname="Lecture18.Date_Pick_MMT" name="calendarNavigation" time="9.568"/>
</testsuite> <!-- Lecture18.Date_Pick_MMT -->
