<?xml version="1.0" encoding="UTF-8"?>
<!-- Generated by org.testng.reporters.JUnitReportReporter -->
<testsuite hostname="DESKTOP-O037IOL" failures="0" tests="1" name="com.firefox.chrome.options.getTextMethod.Get_Text_Method" time="8.171" errors="0" timestamp="19 Nov 2023 21:49:23 GMT" skipped="0">
  <testcase classname="com.firefox.chrome.options.getTextMethod.Get_Text_Method" name="wrongLoginTest" time="8.171"/>
</testsuite> <!-- com.firefox.chrome.options.getTextMethod.Get_Text_Method -->
