<?xml version="1.0" encoding="UTF-8"?>
<!-- Generated by org.testng.reporters.JUnitReportReporter -->
<testsuite hostname="DESKTOP-O037IOL" failures="0" tests="1" name="com.testNG.Rediff_Login" time="26.700" errors="0" timestamp="17 Nov 2023 02:45:33 GMT" skipped="0">
  <testcase classname="com.testNG.Rediff_Login" name="enterLoginIdAndPasssword" time="26.700"/>
</testsuite> <!-- com.testNG.Rediff_Login -->
