<?xml version="1.0" encoding="UTF-8"?>
<!-- Generated by org.testng.reporters.JUnitReportReporter -->
<testsuite hostname="DESKTOP-O037IOL" failures="0" tests="2" name="lecture_11_test_ng.lecture_11_1st" time="0.007" errors="0" timestamp="2023-11-14T21:45:50 PST" skipped="0">
  <testcase classname="lecture_11_test_ng.lecture_11_1st" name="tesCase2" time="0.005"/>
  <testcase classname="lecture_11_test_ng.lecture_11_1st" name="testCase1" time="0.002"/>
</testsuite> <!-- lecture_11_test_ng.lecture_11_1st -->
