<?xml version="1.0" encoding="UTF-8"?>
<!-- Generated by org.testng.reporters.JUnitReportReporter -->
<testsuite hostname="DESKTOP-O037IOL" failures="0" tests="3" name="com.screenshot.recording.rediff_test_scenarios_screenshots" time="54.207" errors="0" timestamp="22 Nov 2023 21:30:30 GMT" skipped="0">
  <testcase classname="com.screenshot.recording.rediff_test_scenarios_screenshots" name="clickOnSignInLink" time="12.217"/>
  <testcase classname="com.screenshot.recording.rediff_test_scenarios_screenshots" name="enterCredentials" time="17.103"/>
  <testcase classname="com.screenshot.recording.rediff_test_scenarios_screenshots" name="clickOnSignInButton" time="24.887"/>
</testsuite> <!-- com.screenshot.recording.rediff_test_scenarios_screenshots -->
