<?xml version="1.0" encoding="UTF-8"?>
<!-- Generated by org.testng.reporters.JUnitReportReporter -->
<testsuite hostname="DESKTOP-O037IOL" failures="0" tests="1" name="Lecture18.BBC_iFrame" time="7.800" errors="0" timestamp="21 Nov 2023 19:39:30 GMT" skipped="0">
  <testcase classname="Lecture18.BBC_iFrame" name="findIframes" time="7.800"/>
</testsuite> <!-- Lecture18.BBC_iFrame -->
