<?xml version="1.0" encoding="UTF-8"?>
<!-- Generated by org.testng.reporters.JUnitReportReporter -->
<testsuite hostname="DESKTOP-O037IOL" failures="0" tests="3" name="com.screenshot.recording.rediff_test_scenarios_screenshots" time="48.336" errors="0" timestamp="22 Nov 2023 00:12:17 GMT" skipped="0">
  <testcase classname="com.screenshot.recording.rediff_test_scenarios_screenshots" name="clickOnSignInLink" time="15.518"/>
  <testcase classname="com.screenshot.recording.rediff_test_scenarios_screenshots" name="enterCredentials" time="15.078"/>
  <testcase classname="com.screenshot.recording.rediff_test_scenarios_screenshots" name="clickOnSignInButton" time="17.740"/>
</testsuite> <!-- com.screenshot.recording.rediff_test_scenarios_screenshots -->
