<?xml version="1.0" encoding="UTF-8"?>
<!-- Generated by org.testng.reporters.JUnitReportReporter -->
<testsuite hostname="DESKTOP-O037IOL" failures="0" tests="1" name="com.firefox.chrome.options.getTextMethod.Rediff_Footer" time="135.442" errors="0" timestamp="20 Nov 2023 19:09:53 GMT" skipped="0">
  <testcase classname="com.firefox.chrome.options.getTextMethod.Rediff_Footer" name="getFooterTitle" time="135.442"/>
</testsuite> <!-- com.firefox.chrome.options.getTextMethod.Rediff_Footer -->
