<?xml version="1.0" encoding="UTF-8"?>
<!-- Generated by org.testng.reporters.JUnitReportReporter -->
<testsuite hostname="DESKTOP-O037IOL" failures="0" tests="5" name="com.Lecture14.TNinja_New_User_Registration" time="33.704" errors="0" timestamp="19 Nov 2023 21:30:24 GMT" skipped="0">
  <testcase classname="com.Lecture14.TNinja_New_User_Registration" name="RegistrationCheck" time="6.537"/>
  <testcase classname="com.Lecture14.TNinja_New_User_Registration" name="RegistrationCheck" time="7.259"/>
  <testcase classname="com.Lecture14.TNinja_New_User_Registration" name="RegistrationCheck" time="7.413"/>
  <testcase classname="com.Lecture14.TNinja_New_User_Registration" name="RegistrationCheck" time="6.403"/>
  <testcase classname="com.Lecture14.TNinja_New_User_Registration" name="RegistrationCheck" time="6.092"/>
</testsuite> <!-- com.Lecture14.TNinja_New_User_Registration -->
