<?xml version="1.0" encoding="UTF-8"?>
<!-- Generated by org.testng.reporters.JUnitReportReporter -->
<testsuite hostname="DESKTOP-O037IOL" failures="0" tests="2" name="com.Lecture14.Read_Prop_FIle" time="30.715" errors="0" timestamp="17 Nov 2023 05:16:27 GMT" skipped="0">
  <testcase classname="com.Lecture14.Read_Prop_FIle" name="tNinjaLoginTest" time="8.570"/>
  <testcase classname="com.Lecture14.Read_Prop_FIle" name="rediffLogin" time="22.145"/>
</testsuite> <!-- com.Lecture14.Read_Prop_FIle -->
