<?xml version="1.0" encoding="UTF-8"?>
<!-- Generated by org.testng.reporters.JUnitReportReporter -->
<testsuite hostname="DESKTOP-O037IOL" failures="0" tests="11" name="com.Lecture14.Excel_Test_Case$Rediff_Login" time="120.915" errors="0" timestamp="17 Nov 2023 21:19:22 GMT" skipped="0">
  <testcase classname="com.Lecture14.Excel_Test_Case$Rediff_Login" name="enterLoginIdAndPasssword" time="17.769"/>
  <testcase classname="com.Lecture14.Excel_Test_Case$Rediff_Login" name="enterLoginIdAndPasssword" time="11.763"/>
  <testcase classname="com.Lecture14.Excel_Test_Case$Rediff_Login" name="enterLoginIdAndPasssword" time="13.727"/>
  <testcase classname="com.Lecture14.Excel_Test_Case$Rediff_Login" name="enterLoginIdAndPasssword" time="14.243"/>
  <testcase classname="com.Lecture14.Excel_Test_Case$Rediff_Login" name="enterLoginIdAndPasssword" time="22.845"/>
  <testcase classname="com.Lecture14.Excel_Test_Case$Rediff_Login" name="loginCheckTNinja" time="6.641"/>
  <testcase classname="com.Lecture14.Excel_Test_Case$Rediff_Login" name="loginCheckTNinja" time="9.193"/>
  <testcase classname="com.Lecture14.Excel_Test_Case$Rediff_Login" name="loginCheckTNinja" time="6.635"/>
  <testcase classname="com.Lecture14.Excel_Test_Case$Rediff_Login" name="loginCheckTNinja" time="6.622"/>
  <testcase classname="com.Lecture14.Excel_Test_Case$Rediff_Login" name="loginCheckTNinja" time="6.166"/>
  <testcase classname="com.Lecture14.Excel_Test_Case$Rediff_Login" name="loginCheckTNinja" time="5.311"/>
</testsuite> <!-- com.Lecture14.Excel_Test_Case$Rediff_Login -->
