<?xml version="1.0" encoding="UTF-8"?>
<!-- Generated by org.testng.reporters.JUnitReportReporter -->
<testsuite hostname="DESKTOP-O037IOL" failures="0" tests="3" name="lecture_11_test_ng.TriCombo" time="0.017" errors="0" timestamp="2023-11-14T21:56:37 PST" skipped="0">
  <testcase classname="lecture_11_test_ng.TriCombo" name="testCase1" time="0.009"/>
  <testcase classname="lecture_11_test_ng.TriCombo" name="testCase3" time="0.000"/>
  <testcase classname="lecture_11_test_ng.TriCombo" name="testCase2" time="0.008"/>
</testsuite> <!-- lecture_11_test_ng.TriCombo -->
