<?xml version="1.0" encoding="UTF-8"?>
<!-- Generated by org.testng.reporters.JUnitReportReporter -->
<testsuite hostname="DESKTOP-O037IOL" failures="0" tests="3" name="com.Lecture11.rediff_test_scenarios" time="49.565" errors="0" timestamp="2023-11-15T18:11:42 PST" skipped="0">
  <testcase classname="com.Lecture11.rediff_test_scenarios" name="clickOnSignInLink" time="16.056"/>
  <testcase classname="com.Lecture11.rediff_test_scenarios" name="enterCredentials" time="13.145"/>
  <testcase classname="com.Lecture11.rediff_test_scenarios" name="clickOnSignInButton" time="20.364"/>
</testsuite> <!-- com.Lecture11.rediff_test_scenarios -->
