<?xml version="1.0" encoding="UTF-8"?>
<!-- Generated by org.testng.reporters.JUnitReportReporter -->
<testsuite hostname="DESKTOP-O037IOL" failures="0" tests="1" name="com.Lecture12.Assertion_Tutorial_Ninja" time="11.706" errors="0" timestamp="2023-11-15T18:43:43 PST" skipped="0">
  <testcase classname="com.Lecture12.Assertion_Tutorial_Ninja" name="openLogin" time="11.706"/>
</testsuite> <!-- com.Lecture12.Assertion_Tutorial_Ninja -->
