<?xml version="1.0" encoding="UTF-8"?>
<!-- Generated by org.testng.reporters.JUnitReportReporter -->
<testsuite hostname="DESKTOP-O037IOL" failures="0" tests="1" name="com.firefox.chrome.options.getTextMethod.Peter_England" time="18.421" errors="0" timestamp="20 Nov 2023 06:25:20 GMT" skipped="0">
  <testcase classname="com.firefox.chrome.options.getTextMethod.Peter_England" name="peterEnglandLinkDisplay" time="18.421"/>
</testsuite> <!-- com.firefox.chrome.options.getTextMethod.Peter_England -->
