<?xml version="1.0" encoding="UTF-8"?>
<!-- Generated by org.testng.reporters.JUnitReportReporter -->
<testsuite hostname="DESKTOP-O037IOL" failures="0" tests="2" name="com.screenshot.recording.ScreenShots_Test" time="8.590" errors="0" timestamp="19 Nov 2023 00:52:46 GMT" skipped="0">
  <testcase classname="com.screenshot.recording.ScreenShots_Test" name="testOne" time="4.549"/>
  <testcase classname="com.screenshot.recording.ScreenShots_Test" name="testTwo" time="4.041"/>
</testsuite> <!-- com.screenshot.recording.ScreenShots_Test -->
