<?xml version="1.0" encoding="UTF-8"?>
<!-- Generated by org.testng.reporters.JUnitReportReporter -->
<testsuite hostname="DESKTOP-O037IOL" failures="0" tests="2" name="com.parametrization.Rediff_Parametrization" time="41.839" errors="0" timestamp="2023-11-22T22:57:43 MST" skipped="0">
  <testcase classname="com.parametrization.Rediff_Parametrization" name="rediffLogin" time="20.594"/>
  <system-out/>
  <testcase classname="com.parametrization.Rediff_Parametrization" name="rediffLogout" time="21.245"/>
  <system-out/>
</testsuite> <!-- com.parametrization.Rediff_Parametrization -->
