<?xml version="1.0" encoding="UTF-8"?>
<!-- Generated by org.testng.reporters.JUnitReportReporter -->
<testsuite hostname="DESKTOP-O037IOL" failures="0" tests="1" name="Lecture18.Web_Tables" time="46.185" errors="0" timestamp="21 Nov 2023 21:37:28 GMT" skipped="0">
  <testcase classname="Lecture18.Web_Tables" name="dataTypes" time="46.185"/>
</testsuite> <!-- Lecture18.Web_Tables -->
