<?xml version="1.0" encoding="UTF-8"?>
<!-- Generated by org.testng.reporters.JUnitReportReporter -->
<testsuite hostname="DESKTOP-O037IOL" failures="0" tests="7" name="com.Lecture13.Data_Providers" time="165.668" errors="0" timestamp="17 Nov 2023 01:52:03 GMT" skipped="0">
  <testcase classname="com.Lecture13.Data_Providers" name="loginCheckTNinja" time="16.132"/>
  <testcase classname="com.Lecture13.Data_Providers" name="loginCheckTNinja" time="16.613"/>
  <testcase classname="com.Lecture13.Data_Providers" name="loginCheckTNinja" time="15.790"/>
  <testcase classname="com.Lecture13.Data_Providers" name="loginCheckTNinja" time="25.126"/>
  <testcase classname="com.Lecture13.Data_Providers" name="loginCheckTNinja" time="17.555"/>
  <testcase classname="com.Lecture13.Data_Providers" name="enterLoginIdAndPasssword" time="34.811"/>
  <testcase classname="com.Lecture13.Data_Providers" name="enterLoginIdAndPasssword" time="39.641"/>
</testsuite> <!-- com.Lecture13.Data_Providers -->
