<?xml version="1.0" encoding="UTF-8"?>
<!-- Generated by org.testng.reporters.JUnitReportReporter -->
<testsuite hostname="DESKTOP-O037IOL" failures="0" tests="1" name="com.Lecture12.Drop_Down_Facebook" time="2.825" errors="0" timestamp="16 Nov 2023 17:20:25 GMT" skipped="0">
  <testcase classname="com.Lecture12.Drop_Down_Facebook" name="clickCreateNewAccount" time="2.825"/>
</testsuite> <!-- com.Lecture12.Drop_Down_Facebook -->
