<?xml version="1.0" encoding="UTF-8"?>
<!-- Generated by org.testng.reporters.JUnitReportReporter -->
<testsuite hostname="DESKTOP-O037IOL" failures="0" tests="1" name="com.screenshot.recording.ScreenRecordingTestCase" time="7.522" errors="0" timestamp="22 Nov 2023 00:12:17 GMT" skipped="0">
  <testcase classname="com.screenshot.recording.ScreenRecordingTestCase" name="navigationTest" time="7.522"/>
</testsuite> <!-- com.screenshot.recording.ScreenRecordingTestCase -->
