<?xml version="1.0" encoding="UTF-8"?>
<!-- Generated by org.testng.reporters.JUnitReportReporter -->
<testsuite hostname="DESKTOP-O037IOL" failures="0" tests="1" name="com.Lecture17.Multiple_Items" time="19.535" errors="0" timestamp="20 Nov 2023 06:19:33 GMT" skipped="0">
  <testcase classname="com.Lecture17.Multiple_Items" name="multipleTags" time="19.535"/>
</testsuite> <!-- com.Lecture17.Multiple_Items -->
