<?xml version="1.0" encoding="UTF-8"?>
<!-- Generated by org.testng.reporters.JUnitReportReporter -->
<testsuite hostname="DESKTOP-O037IOL" failures="0" tests="1" name="com.firefox.chrome.options.getTextMethod.Customize_Detail_Print2" time="9.152" errors="0" timestamp="20 Nov 2023 18:23:01 GMT" skipped="0">
  <testcase classname="com.firefox.chrome.options.getTextMethod.Customize_Detail_Print2" name="printDetailsShirts" time="9.152"/>
</testsuite> <!-- com.firefox.chrome.options.getTextMethod.Customize_Detail_Print2 -->
