<?xml version="1.0" encoding="UTF-8"?>
<!-- Generated by org.testng.reporters.JUnitReportReporter -->
<testsuite hostname="DESKTOP-O037IOL" failures="0" tests="3" name="com.screenshot.recording.rediff_test_scenarios_screenshots" time="52.316" errors="0" timestamp="2023-11-22T14:26:16 MST" skipped="0">
  <testcase classname="com.screenshot.recording.rediff_test_scenarios_screenshots" name="clickOnSignInLink" time="13.576"/>
  <testcase classname="com.screenshot.recording.rediff_test_scenarios_screenshots" name="enterCredentials" time="11.698"/>
  <testcase classname="com.screenshot.recording.rediff_test_scenarios_screenshots" name="clickOnSignInButton" time="27.042"/>
</testsuite> <!-- com.screenshot.recording.rediff_test_scenarios_screenshots -->
