<?xml version="1.0" encoding="UTF-8"?>
<!-- Generated by org.testng.reporters.JUnitReportReporter -->
<testsuite hostname="DESKTOP-O037IOL" failures="0" tests="1" name="com.screenshot.recording.ScreenRecordingTestCase" time="9.343" errors="0" timestamp="2023-11-22T14:26:16 MST" skipped="0">
  <testcase classname="com.screenshot.recording.ScreenRecordingTestCase" name="navigationTest" time="9.343"/>
</testsuite> <!-- com.screenshot.recording.ScreenRecordingTestCase -->
