<?xml version="1.0" encoding="UTF-8"?>
<!-- Generated by org.testng.reporters.JUnitReportReporter -->
<testsuite hostname="DESKTOP-O037IOL" failures="0" tests="3" name="com.screenshot.recording.rediff_test_scenarios_screenshots" time="43.860" errors="0" timestamp="2023-11-22T19:07:28 MST" skipped="0">
  <testcase classname="com.screenshot.recording.rediff_test_scenarios_screenshots" name="clickOnSignInLink" time="10.599"/>
  <system-out/>
  <testcase classname="com.screenshot.recording.rediff_test_scenarios_screenshots" name="enterCredentials" time="12.841"/>
  <system-out/>
  <testcase classname="com.screenshot.recording.rediff_test_scenarios_screenshots" name="clickOnSignInButton" time="20.420"/>
  <system-out/>
</testsuite> <!-- com.screenshot.recording.rediff_test_scenarios_screenshots -->
