<?xml version="1.0" encoding="UTF-8"?>
<!-- Generated by org.testng.reporters.JUnitReportReporter -->
<testsuite hostname="DESKTOP-O037IOL" failures="0" tests="1" name="com.screenshot.recording.ScreenRecordingTestCase" time="7.550" errors="0" timestamp="2023-11-22T19:07:28 MST" skipped="0">
  <testcase classname="com.screenshot.recording.ScreenRecordingTestCase" name="navigationTest" time="7.550"/>
  <system-out/>
</testsuite> <!-- com.screenshot.recording.ScreenRecordingTestCase -->
